<?xml version="1.0" encoding="UTF-8"?>
<testsuite xmlns:xsi="http://www.w3.org/2001/XMLSchema-instance" xsi:noNamespaceSchemaLocation="https://maven.apache.org/surefire/maven-surefire-plugin/xsd/surefire-test-report.xsd" name="monte_carlo.src.test.java.com.monte_carlo.Monte_CarloTest" time="1.412" tests="6" errors="0" skipped="0" failures="0">
  <properties>
    <property name="java.specification.version" value="21"/>
    <property name="sun.jnu.encoding" value="UTF-8"/>
    <property name="java.class.path" value="/Users/jamesmcleish/projects/financial-forecaster/monte_carlo/target/test-classes:/Users/jamesmcleish/projects/financial-forecaster/monte_carlo/target/classes:/Users/jamesmcleish/.m2/repository/junit/junit/4.13.2/junit-4.13.2.jar:/Users/jamesmcleish/.m2/repository/org/hamcrest/hamcrest-core/1.3/hamcrest-core-1.3.jar:/Users/jamesmcleish/.m2/repository/org/json/json/20230618/json-20230618.jar:"/>
    <property name="java.vm.vendor" value="Homebrew"/>
    <property name="sun.arch.data.model" value="64"/>
    <property name="java.vendor.url" value="https://github.com/Homebrew/homebrew-core/issues"/>
    <property name="os.name" value="Mac OS X"/>
    <property name="java.vm.specification.version" value="21"/>
    <property name="sun.java.launcher" value="SUN_STANDARD"/>
    <property name="user.country" value="GB"/>
    <property name="sun.boot.library.path" value="/opt/homebrew/Cellar/openjdk/21/libexec/openjdk.jdk/Contents/Home/lib"/>
    <property name="sun.java.command" value="/Users/jamesmcleish/projects/financial-forecaster/monte_carlo/target/surefire/surefirebooter15042731595175447689.jar /Users/jamesmcleish/projects/financial-forecaster/monte_carlo/target/surefire 2023-11-03T12-21-21_434-jvmRun1 surefire15331409956436627482tmp surefire_05609038202616678088tmp"/>
    <property name="http.nonProxyHosts" value="local|*.local|169.254/16|*.169.254/16"/>
    <property name="jdk.debug" value="release"/>
    <property name="surefire.test.class.path" value="/Users/jamesmcleish/projects/financial-forecaster/monte_carlo/target/test-classes:/Users/jamesmcleish/projects/financial-forecaster/monte_carlo/target/classes:/Users/jamesmcleish/.m2/repository/junit/junit/4.13.2/junit-4.13.2.jar:/Users/jamesmcleish/.m2/repository/org/hamcrest/hamcrest-core/1.3/hamcrest-core-1.3.jar:/Users/jamesmcleish/.m2/repository/org/json/json/20230618/json-20230618.jar:"/>
    <property name="sun.cpu.endian" value="little"/>
    <property name="user.home" value="/Users/jamesmcleish"/>
    <property name="user.language" value="en"/>
    <property name="java.specification.vendor" value="Oracle Corporation"/>
    <property name="java.version.date" value="2023-09-19"/>
    <property name="java.home" value="/opt/homebrew/Cellar/openjdk/21/libexec/openjdk.jdk/Contents/Home"/>
    <property name="file.separator" value="/"/>
    <property name="basedir" value="/Users/jamesmcleish/projects/financial-forecaster/monte_carlo"/>
    <property name="java.vm.compressedOopsMode" value="Zero based"/>
    <property name="line.separator" value="&#10;"/>
    <property name="java.vm.specification.vendor" value="Oracle Corporation"/>
    <property name="java.specification.name" value="Java Platform API Specification"/>
    <property name="apple.awt.application.name" value="ForkedBooter"/>
    <property name="surefire.real.class.path" value="/Users/jamesmcleish/projects/financial-forecaster/monte_carlo/target/surefire/surefirebooter15042731595175447689.jar"/>
    <property name="sun.management.compiler" value="HotSpot 64-Bit Tiered Compilers"/>
    <property name="ftp.nonProxyHosts" value="local|*.local|169.254/16|*.169.254/16"/>
    <property name="java.runtime.version" value="21"/>
    <property name="user.name" value="jamesmcleish"/>
    <property name="stdout.encoding" value="UTF-8"/>
    <property name="path.separator" value=":"/>
    <property name="os.version" value="13.0"/>
    <property name="java.runtime.name" value="OpenJDK Runtime Environment"/>
    <property name="file.encoding" value="UTF-8"/>
    <property name="java.vm.name" value="OpenJDK 64-Bit Server VM"/>
    <property name="java.vendor.version" value="Homebrew"/>
    <property name="localRepository" value="/Users/jamesmcleish/.m2/repository"/>
    <property name="java.vendor.url.bug" value="https://github.com/Homebrew/homebrew-core/issues"/>
    <property name="java.io.tmpdir" value="/var/folders/21/snkmrsbs55xgb39dffl12gwh0000gn/T/"/>
    <property name="java.version" value="21"/>
    <property name="user.dir" value="/Users/jamesmcleish/projects/financial-forecaster/monte_carlo"/>
    <property name="os.arch" value="aarch64"/>
    <property name="java.vm.specification.name" value="Java Virtual Machine Specification"/>
    <property name="native.encoding" value="UTF-8"/>
    <property name="java.library.path" value="/Users/jamesmcleish/Library/Java/Extensions:/Library/Java/Extensions:/Network/Library/Java/Extensions:/System/Library/Java/Extensions:/usr/lib/java:."/>
    <property name="java.vm.info" value="mixed mode, sharing"/>
    <property name="stderr.encoding" value="UTF-8"/>
    <property name="java.vendor" value="Homebrew"/>
    <property name="java.vm.version" value="21"/>
    <property name="sun.io.unicode.encoding" value="UnicodeBig"/>
    <property name="socksNonProxyHosts" value="local|*.local|169.254/16|*.169.254/16"/>
    <property name="java.class.version" value="65.0"/>
  </properties>
  <testcase name="testCalculatePriceProbabilities" classname="monte_carlo.src.test.java.com.monte_carlo.Monte_CarloTest" time="0.004"/>
  <testcase name="testSimulateSharePrice1" classname="monte_carlo.src.test.java.com.monte_carlo.Monte_CarloTest" time="0"/>
  <testcase name="testSimulateSharePrice2" classname="monte_carlo.src.test.java.com.monte_carlo.Monte_CarloTest" time="0.01"/>
  <testcase name="testCalculatePriceProbabilitiesExecutionTime" classname="monte_carlo.src.test.java.com.monte_carlo.Monte_CarloTest" time="1.376"/>
  <testcase name="testProbabilityDistributionSumsToOne" classname="monte_carlo.src.test.java.com.monte_carlo.Monte_CarloTest" time="0.002"/>
  <testcase name="testSimulateSharePricePriceRange" classname="monte_carlo.src.test.java.com.monte_carlo.Monte_CarloTest" time="0.002"/>
</testsuite>